[2021-11-21 23:30:46.721] [exthost] [info] extension host started
[2021-11-21 23:30:46.765] [exthost] [info] ExtensionService#_doActivateExtension vscode.microsoft-authentication {"startup":false,"extensionId":{"value":"vscode.microsoft-authentication","_lower":"vscode.microsoft-authentication"},"activationEvent":"onAuthenticationRequest:microsoft"}
[2021-11-21 23:30:46.773] [exthost] [info] ExtensionService#loadCommonJSModule file:///private/var/folders/bw/59p9t0yd73jgyfxhssk598180000gn/T/AppTranslocation/670D4C73-53E2-43FB-BC0A-C0BBAADE5B5A/d/Visual Studio Code.app/Contents/Resources/app/extensions/microsoft-authentication/dist/extension.js
[2021-11-21 23:30:46.790] [exthost] [info] ExtensionService#_doActivateExtension vscode.debug-auto-launch {"startup":true,"extensionId":{"value":"vscode.debug-auto-launch","_lower":"vscode.debug-auto-launch"},"activationEvent":"*"}
[2021-11-21 23:30:46.790] [exthost] [info] ExtensionService#loadCommonJSModule file:///private/var/folders/bw/59p9t0yd73jgyfxhssk598180000gn/T/AppTranslocation/670D4C73-53E2-43FB-BC0A-C0BBAADE5B5A/d/Visual Studio Code.app/Contents/Resources/app/extensions/debug-auto-launch/dist/extension
[2021-11-21 23:30:46.794] [exthost] [info] ExtensionService#_doActivateExtension vscode.git {"startup":true,"extensionId":{"value":"vscode.github","_lower":"vscode.github"},"activationEvent":"*"}
[2021-11-21 23:30:46.794] [exthost] [info] ExtensionService#loadCommonJSModule file:///private/var/folders/bw/59p9t0yd73jgyfxhssk598180000gn/T/AppTranslocation/670D4C73-53E2-43FB-BC0A-C0BBAADE5B5A/d/Visual Studio Code.app/Contents/Resources/app/extensions/git/dist/main
[2021-11-21 23:30:46.880] [exthost] [info] ExtensionService#_doActivateExtension ms-vscode.js-debug {"startup":false,"extensionId":{"value":"ms-vscode.js-debug","_lower":"ms-vscode.js-debug"},"activationEvent":"onCommand:extension.js-debug.clearAutoAttachVariables"}
[2021-11-21 23:30:46.880] [exthost] [info] ExtensionService#loadCommonJSModule file:///private/var/folders/bw/59p9t0yd73jgyfxhssk598180000gn/T/AppTranslocation/670D4C73-53E2-43FB-BC0A-C0BBAADE5B5A/d/Visual Studio Code.app/Contents/Resources/app/extensions/ms-vscode.js-debug/src/extension.js
[2021-11-21 23:30:47.142] [exthost] [info] ExtensionService#_doActivateExtension vscode.github {"startup":true,"extensionId":{"value":"vscode.github","_lower":"vscode.github"},"activationEvent":"*"}
[2021-11-21 23:30:47.143] [exthost] [info] ExtensionService#loadCommonJSModule file:///private/var/folders/bw/59p9t0yd73jgyfxhssk598180000gn/T/AppTranslocation/670D4C73-53E2-43FB-BC0A-C0BBAADE5B5A/d/Visual Studio Code.app/Contents/Resources/app/extensions/github/dist/extension.js
[2021-11-21 23:30:47.160] [exthost] [info] ExtensionService#_doActivateExtension vscode.github-authentication {"startup":false,"extensionId":{"value":"vscode.github-authentication","_lower":"vscode.github-authentication"},"activationEvent":"onAuthenticationRequest:github"}
[2021-11-21 23:30:47.160] [exthost] [info] ExtensionService#loadCommonJSModule file:///private/var/folders/bw/59p9t0yd73jgyfxhssk598180000gn/T/AppTranslocation/670D4C73-53E2-43FB-BC0A-C0BBAADE5B5A/d/Visual Studio Code.app/Contents/Resources/app/extensions/github-authentication/dist/extension.js
[2021-11-21 23:30:47.178] [exthost] [info] eager extensions activated
[2021-11-21 23:30:47.235] [exthost] [info] ExtensionService#_doActivateExtension vscode.emmet {"startup":false,"extensionId":{"value":"vscode.emmet","_lower":"vscode.emmet"},"activationEvent":"onStartupFinished"}
[2021-11-21 23:30:47.235] [exthost] [info] ExtensionService#loadCommonJSModule file:///private/var/folders/bw/59p9t0yd73jgyfxhssk598180000gn/T/AppTranslocation/670D4C73-53E2-43FB-BC0A-C0BBAADE5B5A/d/Visual Studio Code.app/Contents/Resources/app/extensions/emmet/dist/node/emmetNodeMain
[2021-11-21 23:30:47.247] [exthost] [info] ExtensionService#_doActivateExtension vscode.merge-conflict {"startup":false,"extensionId":{"value":"vscode.merge-conflict","_lower":"vscode.merge-conflict"},"activationEvent":"onStartupFinished"}
[2021-11-21 23:30:47.248] [exthost] [info] ExtensionService#loadCommonJSModule file:///private/var/folders/bw/59p9t0yd73jgyfxhssk598180000gn/T/AppTranslocation/670D4C73-53E2-43FB-BC0A-C0BBAADE5B5A/d/Visual Studio Code.app/Contents/Resources/app/extensions/merge-conflict/dist/mergeConflictMain
[2021-11-21 23:30:47.252] [exthost] [info] ExtensionService#_doActivateExtension vscode.testing-editor-contributions {"startup":false,"extensionId":{"value":"vscode.testing-editor-contributions","_lower":"vscode.testing-editor-contributions"},"activationEvent":"onStartupFinished"}
[2021-11-21 23:30:47.252] [exthost] [info] ExtensionService#loadCommonJSModule file:///private/var/folders/bw/59p9t0yd73jgyfxhssk598180000gn/T/AppTranslocation/670D4C73-53E2-43FB-BC0A-C0BBAADE5B5A/d/Visual Studio Code.app/Contents/Resources/app/extensions/testing-editor-contributions/dist/extension.js
[2021-11-21 23:31:06.975] [exthost] [info] extension host terminating: renderer closed the socket
[2021-11-21 23:31:07.982] [exthost] [info] exiting with code 0
