[2021-11-22 09:53:53.991] [exthost] [info] extension host started
[2021-11-22 09:53:54.021] [exthost] [info] ExtensionService#_doActivateExtension vscode.microsoft-authentication {"startup":false,"extensionId":{"value":"vscode.microsoft-authentication","_lower":"vscode.microsoft-authentication"},"activationEvent":"onAuthenticationRequest:microsoft"}
[2021-11-22 09:53:54.021] [exthost] [info] ExtensionService#loadCommonJSModule file:///private/var/folders/bw/59p9t0yd73jgyfxhssk598180000gn/T/AppTranslocation/670D4C73-53E2-43FB-BC0A-C0BBAADE5B5A/d/Visual Studio Code.app/Contents/Resources/app/extensions/microsoft-authentication/dist/extension.js
[2021-11-22 09:53:54.033] [exthost] [info] ExtensionService#_doActivateExtension vscode.debug-auto-launch {"startup":true,"extensionId":{"value":"vscode.debug-auto-launch","_lower":"vscode.debug-auto-launch"},"activationEvent":"*"}
[2021-11-22 09:53:54.033] [exthost] [info] ExtensionService#loadCommonJSModule file:///private/var/folders/bw/59p9t0yd73jgyfxhssk598180000gn/T/AppTranslocation/670D4C73-53E2-43FB-BC0A-C0BBAADE5B5A/d/Visual Studio Code.app/Contents/Resources/app/extensions/debug-auto-launch/dist/extension
[2021-11-22 09:53:54.036] [exthost] [info] ExtensionService#_doActivateExtension vscode.git {"startup":true,"extensionId":{"value":"vscode.github","_lower":"vscode.github"},"activationEvent":"*"}
[2021-11-22 09:53:54.037] [exthost] [info] ExtensionService#loadCommonJSModule file:///private/var/folders/bw/59p9t0yd73jgyfxhssk598180000gn/T/AppTranslocation/670D4C73-53E2-43FB-BC0A-C0BBAADE5B5A/d/Visual Studio Code.app/Contents/Resources/app/extensions/git/dist/main
[2021-11-22 09:53:54.108] [exthost] [info] ExtensionService#_doActivateExtension ms-vscode.js-debug {"startup":false,"extensionId":{"value":"ms-vscode.js-debug","_lower":"ms-vscode.js-debug"},"activationEvent":"onCommand:extension.js-debug.clearAutoAttachVariables"}
[2021-11-22 09:53:54.108] [exthost] [info] ExtensionService#loadCommonJSModule file:///private/var/folders/bw/59p9t0yd73jgyfxhssk598180000gn/T/AppTranslocation/670D4C73-53E2-43FB-BC0A-C0BBAADE5B5A/d/Visual Studio Code.app/Contents/Resources/app/extensions/ms-vscode.js-debug/src/extension.js
[2021-11-22 09:53:54.225] [exthost] [info] ExtensionService#_doActivateExtension vscode.github-authentication {"startup":false,"extensionId":{"value":"vscode.github-authentication","_lower":"vscode.github-authentication"},"activationEvent":"onAuthenticationRequest:github"}
[2021-11-22 09:53:54.225] [exthost] [info] ExtensionService#loadCommonJSModule file:///private/var/folders/bw/59p9t0yd73jgyfxhssk598180000gn/T/AppTranslocation/670D4C73-53E2-43FB-BC0A-C0BBAADE5B5A/d/Visual Studio Code.app/Contents/Resources/app/extensions/github-authentication/dist/extension.js
[2021-11-22 09:53:54.318] [exthost] [info] ExtensionService#_doActivateExtension vscode.github {"startup":true,"extensionId":{"value":"vscode.github","_lower":"vscode.github"},"activationEvent":"*"}
[2021-11-22 09:53:54.319] [exthost] [info] ExtensionService#loadCommonJSModule file:///private/var/folders/bw/59p9t0yd73jgyfxhssk598180000gn/T/AppTranslocation/670D4C73-53E2-43FB-BC0A-C0BBAADE5B5A/d/Visual Studio Code.app/Contents/Resources/app/extensions/github/dist/extension.js
[2021-11-22 09:53:54.325] [exthost] [info] eager extensions activated
[2021-11-22 09:53:54.329] [exthost] [info] ExtensionService#_doActivateExtension vscode.emmet {"startup":false,"extensionId":{"value":"vscode.emmet","_lower":"vscode.emmet"},"activationEvent":"onStartupFinished"}
[2021-11-22 09:53:54.329] [exthost] [info] ExtensionService#loadCommonJSModule file:///private/var/folders/bw/59p9t0yd73jgyfxhssk598180000gn/T/AppTranslocation/670D4C73-53E2-43FB-BC0A-C0BBAADE5B5A/d/Visual Studio Code.app/Contents/Resources/app/extensions/emmet/dist/node/emmetNodeMain
[2021-11-22 09:53:54.337] [exthost] [info] ExtensionService#_doActivateExtension vscode.merge-conflict {"startup":false,"extensionId":{"value":"vscode.merge-conflict","_lower":"vscode.merge-conflict"},"activationEvent":"onStartupFinished"}
[2021-11-22 09:53:54.337] [exthost] [info] ExtensionService#loadCommonJSModule file:///private/var/folders/bw/59p9t0yd73jgyfxhssk598180000gn/T/AppTranslocation/670D4C73-53E2-43FB-BC0A-C0BBAADE5B5A/d/Visual Studio Code.app/Contents/Resources/app/extensions/merge-conflict/dist/mergeConflictMain
[2021-11-22 09:53:54.341] [exthost] [info] ExtensionService#_doActivateExtension vscode.testing-editor-contributions {"startup":false,"extensionId":{"value":"vscode.testing-editor-contributions","_lower":"vscode.testing-editor-contributions"},"activationEvent":"onStartupFinished"}
[2021-11-22 09:53:54.342] [exthost] [info] ExtensionService#loadCommonJSModule file:///private/var/folders/bw/59p9t0yd73jgyfxhssk598180000gn/T/AppTranslocation/670D4C73-53E2-43FB-BC0A-C0BBAADE5B5A/d/Visual Studio Code.app/Contents/Resources/app/extensions/testing-editor-contributions/dist/extension.js
[2021-11-22 09:53:57.761] [exthost] [info] ExtensionService#_doActivateExtension vscode.configuration-editing {"startup":false,"extensionId":{"value":"vscode.configuration-editing","_lower":"vscode.configuration-editing"},"activationEvent":"onLanguage:jsonc"}
[2021-11-22 09:53:57.761] [exthost] [info] ExtensionService#loadCommonJSModule file:///private/var/folders/bw/59p9t0yd73jgyfxhssk598180000gn/T/AppTranslocation/670D4C73-53E2-43FB-BC0A-C0BBAADE5B5A/d/Visual Studio Code.app/Contents/Resources/app/extensions/configuration-editing/dist/configurationEditingMain
[2021-11-22 09:53:57.768] [exthost] [info] ExtensionService#_doActivateExtension vscode.json-language-features {"startup":false,"extensionId":{"value":"vscode.json-language-features","_lower":"vscode.json-language-features"},"activationEvent":"onLanguage:jsonc"}
[2021-11-22 09:53:57.788] [exthost] [info] ExtensionService#loadCommonJSModule file:///private/var/folders/bw/59p9t0yd73jgyfxhssk598180000gn/T/AppTranslocation/670D4C73-53E2-43FB-BC0A-C0BBAADE5B5A/d/Visual Studio Code.app/Contents/Resources/app/extensions/json-language-features/client/dist/node/jsonClientMain
[2021-11-22 09:53:57.832] [exthost] [info] ExtensionService#_doActivateExtension vscode.typescript-language-features {"startup":false,"extensionId":{"value":"vscode.typescript-language-features","_lower":"vscode.typescript-language-features"},"activationEvent":"onLanguage:jsonc"}
[2021-11-22 09:53:57.832] [exthost] [info] ExtensionService#loadCommonJSModule file:///private/var/folders/bw/59p9t0yd73jgyfxhssk598180000gn/T/AppTranslocation/670D4C73-53E2-43FB-BC0A-C0BBAADE5B5A/d/Visual Studio Code.app/Contents/Resources/app/extensions/typescript-language-features/dist/extension
[2021-11-22 09:54:00.974] [exthost] [info] extension host terminating: renderer closed the socket
[2021-11-22 09:54:01.985] [exthost] [info] exiting with code 0
